<?xml version="1.0" encoding="UTF-8" ?>
<testsuite errors="1" failures="0" hostname="AGLNE-TEC03" name="code.TestValores" skipped="0" tests="1" time="0.0" timestamp="2020-12-11T18:27:22">
  <properties>
    <property name="ant.library.dir" value="C:\Users\Agili\.p2\pool\plugins\org.apache.ant_1.10.8.v20200515-1239\lib" />
    <property name="java.specification.version" value="14" />
    <property name="ant.project.name" value="build03" />
    <property name="sun.cpu.isalist" value="amd64" />
    <property name="sun.jnu.encoding" value="Cp1252" />
    <property name="java.class.path" value="C:\Users\Agili\eclipse-workspace\GerenciaDeConfiguracaoAgil\Exercicio1\lib\junit-4.13.jar;C:\Users\Agili\eclipse-workspace\GerenciaDeConfiguracaoAgil\Exercicio1\lib\hamcrest-core-1.3.jar;C:\Users\Agili\.p2\pool\plugins\org.apache.ant_1.10.8.v20200515-1239\lib\ant-launcher.jar;C:\Users\Agili\.p2\pool\plugins\org.apache.ant_1.10.8.v20200515-1239\lib\ant.jar;C:\Users\Agili\.p2\pool\plugins\org.apache.ant_1.10.8.v20200515-1239\lib\ant-junit.jar;C:\Users\Agili\.p2\pool\plugins\org.apache.ant_1.10.8.v20200515-1239\lib\ant-junit4.jar" />
    <property name="java.vm.vendor" value="Oracle Corporation" />
    <property name="jar.dir" value="C:\Users\Agili\eclipse-workspace\GerenciaDeConfiguracaoAgil\Exercicio1\jar" />
    <property name="sun.arch.data.model" value="64" />
    <property name="user.variant" value="" />
    <property name="java.vendor.url" value="https://java.oracle.com/" />
    <property name="source.dir" value="C:\Users\Agili\eclipse-workspace\GerenciaDeConfiguracaoAgil\Exercicio1\src" />
    <property name="os.name" value="Windows 10" />
    <property name="java.vm.specification.version" value="14" />
    <property name="user.country" value="BR" />
    <property name="sun.java.launcher" value="SUN_STANDARD" />
    <property name="sun.boot.library.path" value="C:\Program Files\Java\jdk-14.0.1\bin" />
    <property name="sun.java.command" value="org.apache.tools.ant.taskdefs.optional.junit.JUnitTestRunner code.TestValores skipNonTests=false filtertrace=true haltOnError=false haltOnFailure=true formatter=org.apache.tools.ant.taskdefs.optional.junit.SummaryJUnitResultFormatter showoutput=false outputtoformatters=true logfailedtests=true threadid=0 logtestlistenerevents=false formatter=org.apache.tools.ant.taskdefs.optional.junit.XMLJUnitResultFormatter,C:\Users\Agili\eclipse-workspace\GerenciaDeConfiguracaoAgil\Exercicio1\testreport\TEST-code.TestValores.xml crashfile=C:\Users\Agili\eclipse-workspace\GerenciaDeConfiguracaoAgil\Exercicio1\junitvmwatcher2549281186210700428.properties propsfile=C:\Users\Agili\eclipse-workspace\GerenciaDeConfiguracaoAgil\Exercicio1\junit8265929238808084694.properties" />
    <property name="jdk.debug" value="release" />
    <property name="sun.cpu.endian" value="little" />
    <property name="user.home" value="C:\Users\Agili" />
    <property name="user.language" value="pt" />
    <property name="java.specification.vendor" value="Oracle Corporation" />
    <property name="java.version.date" value="2020-04-14" />
    <property name="java.home" value="C:\Program Files\Java\jdk-14.0.1" />
    <property name="basedir" value="C:\Users\Agili\eclipse-workspace\GerenciaDeConfiguracaoAgil\Exercicio1" />
    <property name="file.separator" value="\" />
    <property name="java.vm.compressedOopsMode" value="32-bit" />
    <property name="line.separator" value="&#xd;&#xa;" />
    <property name="ant.java.version" value="14" />
    <property name="java.specification.name" value="Java Platform API Specification" />
    <property name="java.vm.specification.vendor" value="Oracle Corporation" />
    <property name="doc.dir" value="C:\Users\Agili\eclipse-workspace\GerenciaDeConfiguracaoAgil\Exercicio1\doc" />
    <property name="user.script" value="" />
    <property name="sun.management.compiler" value="HotSpot 64-Bit Tiered Compilers" />
    <property name="ant.file.build03" value="C:\Users\Agili\eclipse-workspace\GerenciaDeConfiguracaoAgil\Exercicio1\build03.xml" />
    <property name="java.runtime.version" value="14.0.1+7" />
    <property name="testreport.dir" value="C:\Users\Agili\eclipse-workspace\GerenciaDeConfiguracaoAgil\Exercicio1\testreport" />
    <property name="user.name" value="Agili" />
    <property name="ant.file" value="C:\Users\Agili\eclipse-workspace\GerenciaDeConfiguracaoAgil\Exercicio1\build03.xml" />
    <property name="path.separator" value=";" />
    <property name="os.version" value="10.0" />
    <property name="java.runtime.name" value="Java(TM) SE Runtime Environment" />
    <property name="ant.file.type.build03" value="file" />
    <property name="ant.project.invoked-targets" value="init,compile,doc,jar,JunitTest" />
    <property name="file.encoding" value="Cp1252" />
    <property name="java.vm.name" value="Java HotSpot(TM) 64-Bit Server VM" />
    <property name="ant.core.lib" value="C:\Users\Agili\.p2\pool\plugins\org.apache.ant_1.10.8.v20200515-1239\lib\ant.jar" />
    <property name="build.dir" value="C:\Users\Agili\eclipse-workspace\GerenciaDeConfiguracaoAgil\Exercicio1\bin" />
    <property name="java.vendor.url.bug" value="https://bugreport.java.com/bugreport/" />
    <property name="java.io.tmpdir" value="C:\Users\Agili\AppData\Local\Temp\" />
    <property name="java.version" value="14.0.1" />
    <property name="user.dir" value="C:\Users\Agili\eclipse-workspace\GerenciaDeConfiguracaoAgil\Exercicio1" />
    <property name="os.arch" value="amd64" />
    <property name="java.vm.specification.name" value="Java Virtual Machine Specification" />
    <property name="ant.home" value="C:\Users\Agili\.p2\pool\plugins\org.apache.ant_1.10.8.v20200515-1239" />
    <property name="lib.dir" value="C:\Users\Agili\eclipse-workspace\GerenciaDeConfiguracaoAgil\Exercicio1\lib" />
    <property name="sun.os.patch.level" value="" />
    <property name="ant.version" value="Apache Ant(TM) version 1.10.8 compiled on May 10 2020" />
    <property name="java.library.path" value="C:\Program Files\Java\jdk-14.0.1\bin;C:\Windows\Sun\Java\bin;C:\Windows\system32;C:\Windows;C:/Program Files/Java/jdk-14.0.1/bin/server;C:/Program Files/Java/jdk-14.0.1/bin;C:\Program Files (x86)\Common Files\Oracle\Java\javapath;C:\Windows\system32;C:\Windows;C:\Windows\System32\Wbem;C:\Windows\System32\WindowsPowerShell\v1.0\;C:\Windows\System32\OpenSSH\;C:\Program Files (x86)\Acucorp\Acucbl813\AcuGT\bin;C:\Program Files\Java\jdk-14.0.1\bin\bin;C:\Program Files\Git\cmd;C:\Program Files\nodejs\;%chromedriver%;C:\Program Files\Docker\Docker\resources\bin;C:\ProgramData\DockerDesktop\version-bin;C:\Program Files (x86)\GnuWin32\bin;C:\Users\Agili\AppData\Local\Microsoft\WindowsApps;;C:\Program Files\JetBrains\IntelliJ IDEA Community Edition 2020.2\bin;;C:\Users\Agili\AppData\Roaming\npm;C:\Users\Agili\Desktop;;." />
    <property name="java.vm.info" value="mixed mode, sharing" />
    <property name="java.vendor" value="Oracle Corporation" />
    <property name="java.vm.version" value="14.0.1+7" />
    <property name="sun.io.unicode.encoding" value="UnicodeLittle" />
    <property name="java.class.version" value="58.0" />
    <property name="ant.project.default-target" value="init" />
  </properties>
  <error message="code.TestValores" type="java.lang.ClassNotFoundException">java.lang.ClassNotFoundException: code.TestValores
	at java.base/jdk.internal.loader.BuiltinClassLoader.loadClass(BuiltinClassLoader.java:602)
	at java.base/jdk.internal.loader.ClassLoaders$AppClassLoader.loadClass(ClassLoaders.java:178)
	at java.base/java.lang.ClassLoader.loadClass(ClassLoader.java:522)
	at java.base/java.lang.Class.forName0(Native Method)
	at java.base/java.lang.Class.forName(Class.java:427)
</error>
  <system-out><![CDATA[]]></system-out>
  <system-err><![CDATA[]]></system-err>
</testsuite>
